<?xml version="1.0" encoding="UTF-8"?>
<!-- Generated by org.testng.reporters.JUnitXMLReporter -->
<testsuite ignored="0" hostname="DESKTOP-IAN6QC9" failures="1" tests="1" name="Test" time="354.353" errors="0" timestamp="12 Oct 2018 10:39:22 GMT">
  <testcase classname="org.testscripts.EditResourceAndVerify" name="editResourceAndVerify" time="343.201">
    <failure type="java.lang.AssertionError" message="Failed to resource Publish And Search  ">
      <![CDATA[java.lang.AssertionError: Failed to resource Publish And Search  
	at org.pageobjects.CreatorUserPageObj.resourcePublishAndSearch(CreatorUserPageObj.java:1314)
	at org.testscripts.EditResourceAndVerify.editResourceAndVerify(EditResourceAndVerify.java:71)
... Removed 26 stack frames]]>
    </failure>
  </testcase> <!-- editResourceAndVerify -->
</testsuite> <!-- Test -->
